<?xml version="1.0" encoding="UTF-8"?>
<!-- Generated by org.testng.reporters.JUnitXMLReporter -->
<testsuite ignored="0" hostname="Ayyappas-MacBook-Air.local" failures="0" tests="4" name="Default test" time="8.246" errors="0" timestamp="2022-04-24T19:10:42 IST">
  <testcase classname="basic.testcase.CreateGITRepoTest" name="createRepositryTestcase" time="4.901"/>
  <testcase classname="basic.testcase.CreateGITRepoTest" name="createRepositryTestcasePOJO" time="1.818"/>
  <testcase classname="basic.testcase.CreateGITRepoTest" name="deleteRepo" time="0.756"/>
  <testcase classname="basic.testcase.CreateGITRepoTest" name="deleteRepo2" time="0.713"/>
</testsuite> <!-- Default test -->
