<?xml version="1.0" encoding="UTF-8"?>
<testng-results ignored="0" total="4" passed="4" failed="0" skipped="0">
  <reporter-output>
  </reporter-output>
  <suite started-at="2022-04-24T19:10:29 IST" name="Default suite" finished-at="2022-04-24T19:10:37 IST" duration-ms="8246">
    <groups>
    </groups>
    <test started-at="2022-04-24T19:10:29 IST" name="Default test" finished-at="2022-04-24T19:10:37 IST" duration-ms="8246">
      <class name="basic.testcase.CreateGITRepoTest">
        <test-method signature="createRepositryTestcase()[pri:0, instance:basic.testcase.CreateGITRepoTest@60611244]" started-at="2022-04-24T19:10:29 IST" name="createRepositryTestcase" finished-at="2022-04-24T19:10:34 IST" duration-ms="4901" status="PASS">
          <reporter-output>
          </reporter-output>
        </test-method> <!-- createRepositryTestcase -->
        <test-method signature="createRepositryTestcasePOJO()[pri:0, instance:basic.testcase.CreateGITRepoTest@60611244]" started-at="2022-04-24T19:10:34 IST" name="createRepositryTestcasePOJO" finished-at="2022-04-24T19:10:36 IST" duration-ms="1818" status="PASS">
          <reporter-output>
          </reporter-output>
        </test-method> <!-- createRepositryTestcasePOJO -->
        <test-method signature="deleteRepo()[pri:0, instance:basic.testcase.CreateGITRepoTest@60611244]" started-at="2022-04-24T19:10:36 IST" name="deleteRepo" finished-at="2022-04-24T19:10:36 IST" duration-ms="756" status="PASS">
          <reporter-output>
          </reporter-output>
        </test-method> <!-- deleteRepo -->
        <test-method signature="deleteRepo2()[pri:0, instance:basic.testcase.CreateGITRepoTest@60611244]" started-at="2022-04-24T19:10:36 IST" name="deleteRepo2" finished-at="2022-04-24T19:10:37 IST" duration-ms="713" status="PASS">
          <reporter-output>
          </reporter-output>
        </test-method> <!-- deleteRepo2 -->
      </class> <!-- basic.testcase.CreateGITRepoTest -->
    </test> <!-- Default test -->
  </suite> <!-- Default suite -->
</testng-results>
